<?xml version="1.0" encoding="UTF-8"?>
<robot generator="Robot 3.2.2 (Python 3.8.2 on win32)" generated="20210214 19:54:42.218" rpa="false">
<suite id="s1" name="GoogleSearch" source="C:\Users\sentomaru\PycharmProjects\RobotTest-Eddy\TestSuite\Google\FunctionalTest\GoogleSearch.robot">
<test id="s1-t1" name="This is sample test case">
<kw name="Open Browser" library="SeleniumLibrary">
<doc>Opens a new browser instance to the optional ``url``.</doc>
<arguments>
<arg>https://google.com</arg>
<arg>chrome</arg>
</arguments>
<msg timestamp="20210214 19:54:42.545" level="INFO">Opening browser 'chrome' to base url 'https://google.com'.</msg>
<status status="PASS" starttime="20210214 19:54:42.545" endtime="20210214 19:54:45.876"></status>
</kw>
<kw name="Maximize Browser Window" library="SeleniumLibrary">
<doc>Maximizes current browser window.</doc>
<status status="PASS" starttime="20210214 19:54:45.876" endtime="20210214 19:54:46.007"></status>
</kw>
<kw name="Close Browser" library="SeleniumLibrary">
<doc>Closes the current browser.</doc>
<status status="PASS" starttime="20210214 19:54:46.007" endtime="20210214 19:54:48.228"></status>
</kw>
<doc>Google test</doc>
<tags>
<tag>Regression</tag>
</tags>
<status status="PASS" starttime="20210214 19:54:42.544" endtime="20210214 19:54:48.229" critical="yes"></status>
</test>
<status status="PASS" starttime="20210214 19:54:42.221" endtime="20210214 19:54:48.232"></status>
</suite>
<statistics>
<total>
<stat pass="1" fail="0">Critical Tests</stat>
<stat pass="1" fail="0">All Tests</stat>
</total>
<tag>
<stat pass="1" fail="0">Regression</stat>
</tag>
<suite>
<stat pass="1" fail="0" id="s1" name="GoogleSearch">GoogleSearch</stat>
</suite>
</statistics>
<errors>
</errors>
</robot>
